Removed Pin From Net: NetName=LCD_OE Pin=D1-12
Removed Pin From Net: NetName=LCD_CS1 Pin=D1-13
Removed Pin From Net: NetName=LCD_CS2 Pin=D1-14
Removed Pin From Net: NetName=LCD_RST Pin=D1-15
Removed Pin From Net: NetName=7SEG_DATA Pin=D1-16
Removed Pin From Net: NetName=7SEG_CLK Pin=D1-17
Removed Pin From Net: NetName=SOUND Pin=D1-18
Removed Pin From Net: NetName=LCD_DB0 Pin=D1-35
Removed Pin From Net: NetName=LCD_DB1 Pin=D1-36
Removed Pin From Net: NetName=LCD_DB2 Pin=D1-37
Removed Pin From Net: NetName=LCD_DB3 Pin=D1-38
Removed Pin From Net: NetName=LCD_DB4 Pin=D1-39
Removed Pin From Net: NetName=LCD_DB5 Pin=D1-40
Removed Pin From Net: NetName=LCD_DB6 Pin=D1-41
Removed Pin From Net: NetName=LCD_DB7 Pin=D1-42
Removed Pin From Net: NetName=DIP0 Pin=D1-53
Removed Pin From Net: NetName=DIP1 Pin=D1-54
Removed Pin From Net: NetName=DIP2 Pin=D1-55
Removed Pin From Net: NetName=DIP3 Pin=D1-56
Removed Pin From Net: NetName=DIP4 Pin=D1-57
Removed Pin From Net: NetName=DIP5 Pin=D1-58
Removed Pin From Net: NetName=DIP6 Pin=D1-59
Removed Pin From Net: NetName=DIP7 Pin=D1-60
Added Pin To Net: NetName=LCD_DB0 Pin=D1-53
Added Pin To Net: NetName=LCD_DB1 Pin=D1-54
Added Pin To Net: NetName=LCD_DB2 Pin=D1-55
Added Pin To Net: NetName=LCD_DB3 Pin=D1-56
Added Pin To Net: NetName=LCD_DB4 Pin=D1-57
Added Pin To Net: NetName=LCD_DB5 Pin=D1-58
Added Pin To Net: NetName=LCD_DB6 Pin=D1-59
Added Pin To Net: NetName=LCD_DB7 Pin=D1-60
