Change Component Comment : Designator=ZQ1 Old Comment=* New Comment=10m
Change component parameters: Designator = "ZQ1"; Footprint = "XTAL"; UniqueID = "\CDTKXSVF"
Change component parameters. Clean all parameters for all variants
Change component parameters (AddParameter): Name = "Frequency"; Value = "10m"; VariantName = "[No Variations]"
Added Component: Designator=C8(0805)
Add component. Clean all parameters for all variants
Add component (AddParameter): Name = "Capacity"; Value = "22p"; VariantName = "[No Variations]"
Added Component: Designator=C9(0805)
Add component. Clean all parameters for all variants
Add component (AddParameter): Name = "Capacity"; Value = "22p"; VariantName = "[No Variations]"
Added Component: Designator=C10(0805)
Add component. Clean all parameters for all variants
Add component (AddParameter): Name = "Capacity"; Value = ""; VariantName = "[No Variations]"
Added Component: Designator=C11(0805)
Add component. Clean all parameters for all variants
Add component (AddParameter): Name = "Capacity"; Value = ""; VariantName = "[No Variations]"
Added Component: Designator=D2(0805)
Add component. Clean all parameters for all variants
Added Component: Designator=R2(0805)
Add component. Clean all parameters for all variants
Add component (AddParameter): Name = "Resistance"; Value = "330"; VariantName = "[No Variations]"
Added Component: Designator=Y1(CLOCK_OSC)
Add component. Clean all parameters for all variants
Added Pin To Net: NetName=GND Pin=C8-1
Added Pin To Net: NetName=XTAL1 Pin=C8-2
Added Pin To Net: NetName=GND Pin=C9-1
Added Pin To Net: NetName=XTAL2 Pin=C9-2
Added Pin To Net: NetName=GND Pin=C10-1
Added Pin To Net: NetName=GND Pin=C11-1
Added Pin To Net: NetName=GND Pin=D2-2
Added Pin To Net: NetName=VCC3.3 Pin=R2-1
Added Pin To Net: NetName=XTAL2 Pin=ZQ1-1
Added Pin To Net: NetName=XTAL1 Pin=ZQ1-2
Added Pin To Net: NetName=NetD2_1 Pin=D2-1
Added Pin To Net: NetName=NetD2_1 Pin=R2-2
Added Net: Name=NetD2_1
Added Pin To Net: NetName=TOSC1 Pin=C10-2
Added Pin To Net: NetName=TOSC1 Pin=D1-29
Added Pin To Net: NetName=TOSC1 Pin=Y1-1
Added Net: Name=TOSC1
Added Pin To Net: NetName=TOSC2 Pin=C11-2
Added Pin To Net: NetName=TOSC2 Pin=D1-28
Added Pin To Net: NetName=TOSC2 Pin=Y1-2
Added Net: Name=TOSC2
Added Member To Class: ClassName=main Member=Component C8 22p
Added Member To Class: ClassName=main Member=Component C9 22p
Added Member To Class: ClassName=main Member=Component C10 *
Added Member To Class: ClassName=main Member=Component C11 *
Added Member To Class: ClassName=main Member=Component D2 LED0805
Added Member To Class: ClassName=main Member=Component R2 330
Added Member To Class: ClassName=main Member=Component X3 CONNECTOR_BOTTOM
Added Member To Class: ClassName=main Member=Component Y1 CLOCK_OSC
