Added Component: Designator=R3(0805)
Add component. Clean all parameters for all variants
Add component (AddParameter): Name = "Resistance"; Value = "10k"; VariantName = "[No Variations]"
Added Component: Designator=R4(0805)
Add component. Clean all parameters for all variants
Add component (AddParameter): Name = "Resistance"; Value = "10k"; VariantName = "[No Variations]"
Added Component: Designator=R5(0805)
Add component. Clean all parameters for all variants
Add component (AddParameter): Name = "Resistance"; Value = "10k"; VariantName = "[No Variations]"
Added Component: Designator=R6(0805)
Add component. Clean all parameters for all variants
Add component (AddParameter): Name = "Resistance"; Value = "10k"; VariantName = "[No Variations]"
Added Pin To Net: NetName=VCC Pin=R3-2
Added Pin To Net: NetName=VCC Pin=R4-2
Added Pin To Net: NetName=VCC Pin=R5-2
Added Pin To Net: NetName=VCC Pin=R6-2
Added Pin To Net: NetName=TCK Pin=D1-93
Added Pin To Net: NetName=TCK Pin=R3-1
Added Pin To Net: NetName=TCK Pin=X2-1
Added Net: Name=TCK
Added Pin To Net: NetName=TDI Pin=D1-90
Added Pin To Net: NetName=TDI Pin=R6-1
Added Pin To Net: NetName=TDI Pin=X2-9
Added Net: Name=TDI
Added Pin To Net: NetName=TDO Pin=D1-91
Added Pin To Net: NetName=TDO Pin=R4-1
Added Pin To Net: NetName=TDO Pin=X2-3
Added Net: Name=TDO
Added Pin To Net: NetName=TMS Pin=D1-92
Added Pin To Net: NetName=TMS Pin=R5-1
Added Pin To Net: NetName=TMS Pin=X2-5
Added Net: Name=TMS
Added Member To Class: ClassName=main Member=Component R3 10k
Added Member To Class: ClassName=main Member=Component R4 10k
Added Member To Class: ClassName=main Member=Component R5 10k
Added Member To Class: ClassName=main Member=Component R6 10k
