Added Pin To Net: NetName=LCD_DI Pin=D1-8
Added Pin To Net: NetName=LCD_RW Pin=D1-9
Added Pin To Net: NetName=LCD_OE Pin=D1-12
Added Pin To Net: NetName=LCD_CS1 Pin=D1-13
Added Pin To Net: NetName=LCD_CS2 Pin=D1-14
Added Pin To Net: NetName=LCD_RST Pin=D1-15
Added Pin To Net: NetName=7SEG_DATA Pin=D1-16
Added Pin To Net: NetName=7SEG_CLK Pin=D1-17
Added Pin To Net: NetName=SOUND Pin=D1-18
Added Pin To Net: NetName=LCD_DB0 Pin=D1-35
Added Pin To Net: NetName=LCD_DB1 Pin=D1-36
Added Pin To Net: NetName=LCD_DB2 Pin=D1-37
Added Pin To Net: NetName=LCD_DB3 Pin=D1-38
Added Pin To Net: NetName=LCD_DB4 Pin=D1-39
Added Pin To Net: NetName=LCD_DB5 Pin=D1-40
Added Pin To Net: NetName=LCD_DB6 Pin=D1-41
Added Pin To Net: NetName=LCD_DB7 Pin=D1-42
Added Pin To Net: NetName=DIP0 Pin=X3-3
Added Net: Name=DIP0
Added Pin To Net: NetName=DIP1 Pin=X3-4
Added Net: Name=DIP1
Added Pin To Net: NetName=DIP2 Pin=X3-5
Added Net: Name=DIP2
Added Pin To Net: NetName=DIP3 Pin=X3-6
Added Net: Name=DIP3
Added Pin To Net: NetName=DIP4 Pin=X3-7
Added Net: Name=DIP4
Added Pin To Net: NetName=DIP5 Pin=X3-8
Added Net: Name=DIP5
Added Pin To Net: NetName=DIP6 Pin=X3-9
Added Net: Name=DIP6
Added Pin To Net: NetName=DIP7 Pin=X3-10
Added Net: Name=DIP7
Added Pin To Net: NetName=KC1 Pin=X3-12
Added Net: Name=KC1
Added Pin To Net: NetName=KC2 Pin=X3-13
Added Net: Name=KC2
Added Pin To Net: NetName=KC3 Pin=X3-11
Added Net: Name=KC3
Added Pin To Net: NetName=KR1 Pin=X3-14
Added Net: Name=KR1
Added Pin To Net: NetName=KR2 Pin=X3-17
Added Net: Name=KR2
Added Pin To Net: NetName=KR3 Pin=X3-16
Added Net: Name=KR3
Added Pin To Net: NetName=KR4 Pin=X3-15
Added Net: Name=KR4
