Added Component: Designator=C1(0805)
Add component. Clean all parameters for all variants
Add component (AddParameter): Name = "Capacity"; Value = "0.1u"; VariantName = "[No Variations]"
Added Component: Designator=C2(0805)
Add component. Clean all parameters for all variants
Add component (AddParameter): Name = "Capacity"; Value = "0.1u"; VariantName = "[No Variations]"
Added Component: Designator=C3(0805)
Add component. Clean all parameters for all variants
Add component (AddParameter): Name = "Capacity"; Value = "0.1u"; VariantName = "[No Variations]"
Added Component: Designator=C4(0805)
Add component. Clean all parameters for all variants
Add component (AddParameter): Name = "Capacity"; Value = "0.1u"; VariantName = "[No Variations]"
Added Component: Designator=C5(0805)
Add component. Clean all parameters for all variants
Add component (AddParameter): Name = "Capacity"; Value = "0.1u"; VariantName = "[No Variations]"
Added Component: Designator=C6(0805)
Add component. Clean all parameters for all variants
Add component (AddParameter): Name = "Capacity"; Value = "0.1u"; VariantName = "[No Variations]"
Added Component: Designator=C7(C_Ta)
Add component. Clean all parameters for all variants
Add component (AddParameter): Name = "capacity"; Value = ""; VariantName = "[No Variations]"
Added Component: Designator=D1(ATmega2560-16AU)
Add component. Clean all parameters for all variants
Added Component: Designator=K1(SMD_BUTTON)
Add component. Clean all parameters for all variants
Added Component: Designator=R1(0805)
Add component. Clean all parameters for all variants
Add component (AddParameter): Name = "Resistance"; Value = "10k"; VariantName = "[No Variations]"
Added Component: Designator=X1(Connector)
Add component. Clean all parameters for all variants
Add component (AddParameter): Name = "Value"; Value = "10 k"; VariantName = "[No Variations]"
Added Component: Designator=X2(JTAG_PLD)
Add component. Clean all parameters for all variants
Added Component: Designator=X3(Connector)
Add component. Clean all parameters for all variants
Added Component: Designator=ZQ1(XTAL)
Add component. Clean all parameters for all variants
Add component (AddParameter): Name = "Frequency"; Value = ""; VariantName = "[No Variations]"
Added Pin To Net: NetName=GND Pin=C1-1
Added Pin To Net: NetName=GND Pin=C2-1
Added Pin To Net: NetName=GND Pin=C3-1
Added Pin To Net: NetName=GND Pin=C4-2
Added Pin To Net: NetName=GND Pin=C5-2
Added Pin To Net: NetName=GND Pin=C6-2
Added Pin To Net: NetName=GND Pin=C7-2
Added Pin To Net: NetName=GND Pin=D1-11
Added Pin To Net: NetName=GND Pin=D1-32
Added Pin To Net: NetName=GND Pin=D1-62
Added Pin To Net: NetName=GND Pin=D1-81
Added Pin To Net: NetName=GND Pin=D1-99
Added Pin To Net: NetName=GND Pin=K1-1
Added Pin To Net: NetName=GND Pin=X1-0
Added Pin To Net: NetName=GND Pin=X2-2
Added Pin To Net: NetName=GND Pin=X2-10
Added Pin To Net: NetName=GND Pin=X3-0
Added Net: Name=GND
Added Pin To Net: NetName=nRST Pin=C3-2
Added Pin To Net: NetName=nRST Pin=D1-30
Added Pin To Net: NetName=nRST Pin=K1-2
Added Pin To Net: NetName=nRST Pin=R1-2
Added Net: Name=nRST
Added Pin To Net: NetName=VCC3.3 Pin=C1-2
Added Pin To Net: NetName=VCC3.3 Pin=C2-2
Added Pin To Net: NetName=VCC3.3 Pin=C4-1
Added Pin To Net: NetName=VCC3.3 Pin=C5-1
Added Pin To Net: NetName=VCC3.3 Pin=C6-1
Added Pin To Net: NetName=VCC3.3 Pin=C7-1
Added Pin To Net: NetName=VCC3.3 Pin=D1-10
Added Pin To Net: NetName=VCC3.3 Pin=D1-31
Added Pin To Net: NetName=VCC3.3 Pin=D1-61
Added Pin To Net: NetName=VCC3.3 Pin=D1-80
Added Pin To Net: NetName=VCC3.3 Pin=D1-98
Added Pin To Net: NetName=VCC3.3 Pin=D1-100
Added Pin To Net: NetName=VCC3.3 Pin=R1-1
Added Pin To Net: NetName=VCC3.3 Pin=X1-62
Added Pin To Net: NetName=VCC3.3 Pin=X3-62
Added Net: Name=VCC3.3
Added Pin To Net: NetName=VCC Pin=X2-4
Added Net: Name=VCC
Added Pin To Net: NetName=XTAL1 Pin=D1-34
Added Net: Name=XTAL1
Added Pin To Net: NetName=XTAL2 Pin=D1-33
Added Net: Name=XTAL2
Added Class: Name=main
